
> vibe-generated-app@1.0.0 dev
> vite


  VITE v5.4.20  ready in 219 ms

  ➜  Local:   http://localhost:3000/
  ➜  Network: http://172.20.44.224:3000/
9:26:07 AM [vite] Pre-transform error: Failed to resolve import "./pages/Accessibility" from "src/App.jsx". Does the file exist?
9:26:08 AM [vite] Internal server error: Failed to resolve import "./pages/Accessibility" from "src/App.jsx". Does the file exist?
  Plugin: vite:import-analysis
  File: /home/workspace/src/App.jsx:10:26
  9  |  import DataVisuals from "./pages/DataVisuals";
  10 |  import FAQ from "./pages/FAQ";
  11 |  import Accessibility from "./pages/Accessibility";
     |                             ^
  12 |  import Navbar from "./components/Navbar";
  13 |  import Footer from "./components/Footer";
      at TransformPluginContext._formatError (file:///home/workspace/node_modules/vite/dist/node/chunks/dep-D_zLpgQd.js:49258:41)
      at TransformPluginContext.error (file:///home/workspace/node_modules/vite/dist/node/chunks/dep-D_zLpgQd.js:49253:16)
      at normalizeUrl (file:///home/workspace/node_modules/vite/dist/node/chunks/dep-D_zLpgQd.js:64306:23)
      at process.processTicksAndRejections (node:internal/process/task_queues:105:5)
      at async file:///home/workspace/node_modules/vite/dist/node/chunks/dep-D_zLpgQd.js:64438:39
      at async Promise.all (index 10)
      at async TransformPluginContext.transform (file:///home/workspace/node_modules/vite/dist/node/chunks/dep-D_zLpgQd.js:64365:7)
      at async PluginContainer.transform (file:///home/workspace/node_modules/vite/dist/node/chunks/dep-D_zLpgQd.js:49099:18)
      at async loadAndTransform (file:///home/workspace/node_modules/vite/dist/node/chunks/dep-D_zLpgQd.js:51977:27)
      at async viteTransformMiddleware (file:///home/workspace/node_modules/vite/dist/node/chunks/dep-D_zLpgQd.js:62105:24)
